AlarmClock/build/outputs/logs/manifest-merger-debug-report.txt
-- Merging decision tree log ---
manifest
ADDED from src\main\AndroidManifest.xml:2:1-345:12
INJECTED from src\main\AndroidManifest.xml:2:1-345:12
INJECTED from src\main\AndroidManifest.xml:2:1-345:12
INJECTED from src\main\AndroidManifest.xml:2:1-345:12
MERGED from [com.wdullaer:materialdatetimepicker:3.6.4] AndroidManifest.xml:17:1-30:12
MERGED from [com.android.support:support-v13:28.0.0] AndroidManifest.xml:17:1-22:12
MERGED from [com.android.support:design:28.0.0] AndroidManifest.xml:17:1-24:12
MERGED from [com.android.support:appcompat-v7:28.0.0] AndroidManifest.xml:17:1-22:12
MERGED from [com.google.android.gms:play-services-ads:16.0.0] AndroidManifest.xml:17:1-25:12
MERGED from [com.android.support:customtabs:28.0.0] AndroidManifest.xml:17:1-22:12
MERGED from [me.dm7.barcodescanner:zxing:1.9.8] AndroidManifest.xml:2:1-13:12
MERGED from [com.sothree.slidinguppanel:library:3.4.0] AndroidManifest.xml:2:1-11:12
MERGED from [com.google.android.gms:play-services-base:16.0.1] AndroidManifest.xml:17:1-29:12
MERGED from [com.android.billingclient:billing:1.2] AndroidManifest.xml:2:1-19:12
MERGED from [com.crashlytics.sdk.android:crashlytics:2.9.6] AndroidManifest.xml:2:1-19:12
MERGED from [me.dm7.barcodescanner:core:1.9.8] AndroidManifest.xml:2:1-13:12
MERGED from [com.google.android.gms:play-services-ads-identifier:16.0.0] AndroidManifest.xml:17:1-24:12
MERGED from [com.google.android.gms:play-services-ads-lite:16.0.0] AndroidManifest.xml:17:1-36:12
MERGED from [com.google.android.gms:play-services-gass:16.0.0] AndroidManifest.xml:2:1-9:12
MERGED from [com.google.android.gms:play-services-tasks:16.0.1] AndroidManifest.xml:2:1-9:12
MERGED from [com.google.android.gms:play-services-basement:16.0.1] AndroidManifest.xml:17:1-28:12
MERGED from [com.android.support:support-v4:28.0.0] AndroidManifest.xml:17:1-22:12
MERGED from [com.android.support:support-media-compat:28.0.0] AndroidManifest.xml:17:1-22:12
MERGED from [com.android.support:support-fragment:28.0.0] AndroidManifest.xml:17:1-22:12
MERGED from [com.android.support:recyclerview-v7:28.0.0] AndroidManifest.xml:17:1-22:12
MERGED from [com.android.support:animated-vector-drawable:28.0.0] AndroidManifest.xml:17:1-22:12
MERGED from [com.android.support:support-core-ui:28.0.0] AndroidManifest.xml:17:1-22:12
MERGED from [com.android.support:support-core-utils:28.0.0] AndroidManifest.xml:17:1-22:12
MERGED from [com.android.support:loader:28.0.0] AndroidManifest.xml:17:1-22:12
MERGED from [com.android.support:viewpager:28.0.0] AndroidManifest.xml:17:1-22:12
MERGED from [com.android.support:coordinatorlayout:28.0.0] AndroidManifest.xml:17:1-22:12
MERGED from [com.android.support:drawerlayout:28.0.0] AndroidManifest.xml:17:1-22:12
MERGED from [com.android.support:slidingpanelayout:28.0.0] AndroidManifest.xml:17:1-22:12
MERGED from [com.android.support:customview:28.0.0] AndroidManifest.xml:17:1-22:12
MERGED from [com.android.support:swiperefreshlayout:28.0.0] AndroidManifest.xml:17:1-22:12
MERGED from [com.android.support:asynclayoutinflater:28.0.0] AndroidManifest.xml:17:1-22:12
MERGED from [com.android.support:support-vector-drawable:28.0.0] AndroidManifest.xml:17:1-22:12
MERGED from [com.android.support:transition:28.0.0] AndroidManifest.xml:17:1-22:12
MERGED from [com.android.support:support-compat:28.0.0] AndroidManifest.xml:17:1-24:12
MERGED from [com.android.support:versionedparcelable:28.0.0] AndroidManifest.xml:17:1-25:12
MERGED from [android.arch.lifecycle:runtime:1.1.1] AndroidManifest.xml:17:1-22:12
MERGED from [com.android.support:documentfile:28.0.0] AndroidManifest.xml:17:1-22:12
MERGED from [com.android.support:localbroadcastmanager:28.0.0] AndroidManifest.xml:17:1-22:12
MERGED from [com.android.support:print:28.0.0] AndroidManifest.xml:17:1-22:12
MERGED from [com.android.support:interpolator:28.0.0] AndroidManifest.xml:17:1-22:12
MERGED from [com.android.support:cursoradapter:28.0.0] AndroidManifest.xml:17:1-22:12
MERGED from [android.arch.lifecycle:viewmodel:1.1.1] AndroidManifest.xml:17:1-22:12
MERGED from [android.arch.lifecycle:livedata:1.1.1] AndroidManifest.xml:17:1-22:12
MERGED from [android.arch.lifecycle:livedata-core:1.1.1] AndroidManifest.xml:17:1-22:12
MERGED from [android.arch.core:runtime:1.1.1] AndroidManifest.xml:17:1-22:12
MERGED from [com.android.support:cardview-v7:28.0.0] AndroidManifest.xml:17:1-22:12
MERGED from [com.google.android.gms:play-services-ads-base:16.0.0] AndroidManifest.xml:17:1-24:12
MERGED from [com.crashlytics.sdk.android:crashlytics-core:2.6.5] AndroidManifest.xml:45:1-56:12
MERGED from [com.crashlytics.sdk.android:answers:1.4.4] AndroidManifest.xml:2:1-13:12
MERGED from [com.crashlytics.sdk.android:beta:1.2.10] AndroidManifest.xml:2:1-13:12
MERGED from [io.fabric.sdk.android:fabric:1.4.5] AndroidManifest.xml:22:1-33:12
INJECTED from src\main\AndroidManifest.xml:2:1-345:12
INJECTED from src\main\AndroidManifest.xml:2:1-345:12
INJECTED from src\main\AndroidManifest.xml:2:1-345:12
	package
		ADDED from src\main\AndroidManifest.xml:4:5-33
		INJECTED from src\main\AndroidManifest.xml
		INJECTED from src\main\AndroidManifest.xml
	android:versionName
		ADDED from src\main\AndroidManifest.xml:6:5-30
		INJECTED from src\main\AndroidManifest.xml
		INJECTED from src\main\AndroidManifest.xml
	xmlns:tools
		ADDED from src\main\AndroidManifest.xml:3:5-51
	android:versionCode
		INJECTED from src\main\AndroidManifest.xml
		ADDED from src\main\AndroidManifest.xml:2:1-345:12
		INJECTED from src\main\AndroidManifest.xml
	xmlns:android
		ADDED from src\main\AndroidManifest.xml:2:11-69
	android:installLocation
		ADDED from src\main\AndroidManifest.xml:5:5-43
uses-feature#android.hardware.bluetooth
ADDED from src\main\AndroidManifest.xml:8:5-10:36
	android:required
		ADDED from src\main\AndroidManifest.xml:10:9-33
	android:name
		ADDED from src\main\AndroidManifest.xml:9:9-50
uses-feature#android.hardware.microphone
ADDED from src\main\AndroidManifest.xml:11:5-13:36
	android:required
		ADDED from src\main\AndroidManifest.xml:13:9-33
	android:name
		ADDED from src\main\AndroidManifest.xml:12:9-51
uses-feature#android.hardware.camera
ADDED from src\main\AndroidManifest.xml:14:5-16:36
	android:required
		ADDED from src\main\AndroidManifest.xml:16:9-33
	android:name
		ADDED from src\main\AndroidManifest.xml:15:9-47
uses-feature#android.hardware.camera.autofocus
ADDED from src\main\AndroidManifest.xml:17:5-19:36
	android:required
		ADDED from src\main\AndroidManifest.xml:19:9-33
	android:name
		ADDED from src\main\AndroidManifest.xml:18:9-57
uses-feature#android.hardware.camera.flash
ADDED from src\main\AndroidManifest.xml:20:5-22:36
	android:required
		ADDED from src\main\AndroidManifest.xml:22:9-33
	android:name
		ADDED from src\main\AndroidManifest.xml:21:9-53
uses-feature#android.hardware.camera.front
ADDED from src\main\AndroidManifest.xml:24:5-26:36
	android:required
		ADDED from src\main\AndroidManifest.xml:26:9-33
	android:name
		ADDED from src\main\AndroidManifest.xml:25:9-53
uses-feature#android.hardware.screen.landscape
ADDED from src\main\AndroidManifest.xml:28:5-30:36
	android:required
		ADDED from src\main\AndroidManifest.xml:30:9-33
	android:name
		ADDED from src\main\AndroidManifest.xml:29:9-57
uses-feature#android.hardware.wifi
ADDED from src\main\AndroidManifest.xml:32:5-34:36
	android:required
		ADDED from src\main\AndroidManifest.xml:34:9-33
	android:name
		ADDED from src\main\AndroidManifest.xml:33:9-45
uses-feature#0x20000
ADDED from src\main\AndroidManifest.xml:36:5-38:35
	android:glEsVersion
		ADDED from src\main\AndroidManifest.xml:37:9-38
	android:required
		ADDED from src\main\AndroidManifest.xml:38:9-32
supports-screens
ADDED from src\main\AndroidManifest.xml:40:5-46:40
	android:largeScreens
		ADDED from src\main\AndroidManifest.xml:42:9-36
	android:smallScreens
		ADDED from src\main\AndroidManifest.xml:45:9-37
	android:normalScreens
		ADDED from src\main\AndroidManifest.xml:43:9-37
	android:xlargeScreens
		ADDED from src\main\AndroidManifest.xml:46:9-37
	android:resizeable
		ADDED from src\main\AndroidManifest.xml:44:9-34
	android:anyDensity
		ADDED from src\main\AndroidManifest.xml:41:9-34
uses-permission#android.permission.RECEIVE_BOOT_COMPLETED
ADDED from src\main\AndroidManifest.xml:48:5-81
	android:name
		ADDED from src\main\AndroidManifest.xml:48:22-78
uses-permission#android.permission.VIBRATE
ADDED from src\main\AndroidManifest.xml:49:5-66
MERGED from [com.wdullaer:materialdatetimepicker:3.6.4] AndroidManifest.xml:26:5-66
MERGED from [com.wdullaer:materialdatetimepicker:3.6.4] AndroidManifest.xml:26:5-66
	android:name
		ADDED from src\main\AndroidManifest.xml:49:22-63
uses-permission#android.permission.WAKE_LOCK
ADDED from src\main\AndroidManifest.xml:50:5-68
	android:name
		ADDED from src\main\AndroidManifest.xml:50:22-65
uses-permission#android.permission.READ_EXTERNAL_STORAGE 
ADDED from src\main\AndroidManifest.xml:51:5-81
	android:name
		ADDED from src\main\AndroidManifest.xml:51:22-78
uses-permission#android.permission.WRITE_EXTERNAL_STORAGE
ADDED from src\main\AndroidManifest.xml:52:5-81
	android:name
		ADDED from src\main\AndroidManifest.xml:52:22-78
uses-permission#android.permission.RECORD_AUDIO
ADDED from src\main\AndroidManifest.xml:53:5-71
	android:name
		ADDED from src\main\AndroidManifest.xml:53:22-68
uses-permission#android.permission.CAMERA
ADDED from src\main\AndroidManifest.xml:54:5-65
	android:name
		ADDED from src\main\AndroidManifest.xml:54:22-62
uses-permission#android.permission.FLASHLIGHT
ADDED from src\main\AndroidManifest.xml:55:5-69
	android:name
		ADDED from src\main\AndroidManifest.xml:55:22-66
uses-permission#android.permission.MODIFY_AUDIO_SETTINGS
ADDED from src\main\AndroidManifest.xml:56:5-80
	android:name
		ADDED from src\main\AndroidManifest.xml:56:22-77
uses-permission#android.permission.READ_PHONE_STATE
ADDED from src\main\AndroidManifest.xml:57:5-75
	android:name
		ADDED from src\main\AndroidManifest.xml:57:22-72
uses-permission#com.android.vending.BILLING
ADDED from src\main\AndroidManifest.xml:58:5-67
MERGED from [com.android.billingclient:billing:1.2] AndroidManifest.xml:10:5-67
MERGED from [com.android.billingclient:billing:1.2] AndroidManifest.xml:10:5-67
	android:name
		ADDED from src\main\AndroidManifest.xml:58:22-64
uses-permission#android.permission.DISABLE_KEYGUARD
ADDED from src\main\AndroidManifest.xml:59:5-75
	android:name
		ADDED from src\main\AndroidManifest.xml:59:22-72
uses-permission#android.permission.INTERNET
ADDED from src\main\AndroidManifest.xml:60:5-67
MERGED from [com.crashlytics.sdk.android:crashlytics:2.9.6] AndroidManifest.xml:9:5-67
MERGED from [com.crashlytics.sdk.android:crashlytics:2.9.6] AndroidManifest.xml:9:5-67
MERGED from [com.google.android.gms:play-services-ads-lite:16.0.0] AndroidManifest.xml:23:5-67
MERGED from [com.google.android.gms:play-services-ads-lite:16.0.0] AndroidManifest.xml:23:5-67
MERGED from [com.crashlytics.sdk.android:crashlytics-core:2.6.5] AndroidManifest.xml:52:5-67
MERGED from [com.crashlytics.sdk.android:crashlytics-core:2.6.5] AndroidManifest.xml:52:5-67
MERGED from [com.crashlytics.sdk.android:answers:1.4.4] AndroidManifest.xml:9:5-67
MERGED from [com.crashlytics.sdk.android:answers:1.4.4] AndroidManifest.xml:9:5-67
MERGED from [com.crashlytics.sdk.android:beta:1.2.10] AndroidManifest.xml:9:5-67
MERGED from [com.crashlytics.sdk.android:beta:1.2.10] AndroidManifest.xml:9:5-67
MERGED from [io.fabric.sdk.android:fabric:1.4.5] AndroidManifest.xml:29:5-67
MERGED from [io.fabric.sdk.android:fabric:1.4.5] AndroidManifest.xml:29:5-67
	android:name
		ADDED from src\main\AndroidManifest.xml:60:22-64
uses-permission#android.permission.ACCESS_NETWORK_STATE
ADDED from src\main\AndroidManifest.xml:61:5-79
MERGED from [com.google.android.gms:play-services-ads-lite:16.0.0] AndroidManifest.xml:24:5-79
MERGED from [com.google.android.gms:play-services-ads-lite:16.0.0] AndroidManifest.xml:24:5-79
	android:name
		ADDED from src\main\AndroidManifest.xml:61:22-76
uses-permission#android.permission.SYSTEM_ALERT_WINDOW
ADDED from src\main\AndroidManifest.xml:62:5-78
	android:name
		ADDED from src\main\AndroidManifest.xml:62:22-75
uses-permission#android.permission.FOREGROUND_SERVICE
ADDED from src\main\AndroidManifest.xml:63:5-77
	android:name
		ADDED from src\main\AndroidManifest.xml:63:22-74
application
ADDED from src\main\AndroidManifest.xml:65:5-343:19
MERGED from [com.wdullaer:materialdatetimepicker:3.6.4] AndroidManifest.xml:28:5-20
MERGED from [com.wdullaer:materialdatetimepicker:3.6.4] AndroidManifest.xml:28:5-20
MERGED from [com.android.support:design:28.0.0] AndroidManifest.xml:22:5-20
MERGED from [com.android.support:design:28.0.0] AndroidManifest.xml:22:5-20
MERGED from [me.dm7.barcodescanner:zxing:1.9.8] AndroidManifest.xml:11:5-20
MERGED from [me.dm7.barcodescanner:zxing:1.9.8] AndroidManifest.xml:11:5-20
MERGED from [com.sothree.slidinguppanel:library:3.4.0] AndroidManifest.xml:9:5-20
MERGED from [com.sothree.slidinguppanel:library:3.4.0] AndroidManifest.xml:9:5-20
MERGED from [com.google.android.gms:play-services-base:16.0.1] AndroidManifest.xml:22:5-27:19
MERGED from [com.google.android.gms:play-services-base:16.0.1] AndroidManifest.xml:22:5-27:19
MERGED from [com.android.billingclient:billing:1.2] AndroidManifest.xml:12:5-17:19
MERGED from [com.android.billingclient:billing:1.2] AndroidManifest.xml:12:5-17:19
MERGED from [com.crashlytics.sdk.android:crashlytics:2.9.6] AndroidManifest.xml:11:5-17:19
MERGED from [com.crashlytics.sdk.android:crashlytics:2.9.6] AndroidManifest.xml:11:5-17:19
MERGED from [me.dm7.barcodescanner:core:1.9.8] AndroidManifest.xml:11:5-20
MERGED from [me.dm7.barcodescanner:core:1.9.8] AndroidManifest.xml:11:5-20
MERGED from [com.google.android.gms:play-services-ads-identifier:16.0.0] AndroidManifest.xml:22:5-20
MERGED from [com.google.android.gms:play-services-ads-identifier:16.0.0] AndroidManifest.xml:22:5-20
MERGED from [com.google.android.gms:play-services-ads-lite:16.0.0] AndroidManifest.xml:26:5-34:19
MERGED from [com.google.android.gms:play-services-ads-lite:16.0.0] AndroidManifest.xml:26:5-34:19
MERGED from [com.google.android.gms:play-services-gass:16.0.0] AndroidManifest.xml:7:5-20
MERGED from [com.google.android.gms:play-services-gass:16.0.0] AndroidManifest.xml:7:5-20
MERGED from [com.google.android.gms:play-services-tasks:16.0.1] AndroidManifest.xml:7:5-20
MERGED from [com.google.android.gms:play-services-tasks:16.0.1] AndroidManifest.xml:7:5-20
MERGED from [com.google.android.gms:play-services-basement:16.0.1] AndroidManifest.xml:22:5-26:19
MERGED from [com.google.android.gms:play-services-basement:16.0.1] AndroidManifest.xml:22:5-26:19
MERGED from [com.android.support:support-compat:28.0.0] AndroidManifest.xml:22:5-94
MERGED from [com.android.support:support-compat:28.0.0] AndroidManifest.xml:22:5-94
MERGED from [com.android.support:versionedparcelable:28.0.0] AndroidManifest.xml:22:5-23:19
MERGED from [com.android.support:versionedparcelable:28.0.0] AndroidManifest.xml:22:5-23:19
MERGED from [com.google.android.gms:play-services-ads-base:16.0.0] AndroidManifest.xml:22:5-20
MERGED from [com.google.android.gms:play-services-ads-base:16.0.0] AndroidManifest.xml:22:5-20
MERGED from [com.crashlytics.sdk.android:crashlytics-core:2.6.5] AndroidManifest.xml:54:5-20
MERGED from [com.crashlytics.sdk.android:crashlytics-core:2.6.5] AndroidManifest.xml:54:5-20
MERGED from [com.crashlytics.sdk.android:answers:1.4.4] AndroidManifest.xml:11:5-20
MERGED from [com.crashlytics.sdk.android:answers:1.4.4] AndroidManifest.xml:11:5-20
MERGED from [com.crashlytics.sdk.android:beta:1.2.10] AndroidManifest.xml:11:5-20
MERGED from [com.crashlytics.sdk.android:beta:1.2.10] AndroidManifest.xml:11:5-20
MERGED from [io.fabric.sdk.android:fabric:1.4.5] AndroidManifest.xml:31:5-20
MERGED from [io.fabric.sdk.android:fabric:1.4.5] AndroidManifest.xml:31:5-20
	tools:ignore
		ADDED from src\main\AndroidManifest.xml:78:9-48
	android:largeHeap
		ADDED from src\main\AndroidManifest.xml:74:9-33
	android:icon
		ADDED from src\main\AndroidManifest.xml:72:9-43
	android:directBootAware
		ADDED from src\main\AndroidManifest.xml:68:9-39
	android:fullBackupOnly
		ADDED from src\main\AndroidManifest.xml:70:9-38
	android:backupAgent
		ADDED from src\main\AndroidManifest.xml:67:9-43
	android:appComponentFactory
		ADDED from [com.android.support:support-compat:28.0.0] AndroidManifest.xml:22:18-91
	android:supportsRtl
		ADDED from src\main\AndroidManifest.xml:75:9-35
	android:label
		ADDED from src\main\AndroidManifest.xml:73:9-41
	android:hardwareAccelerated
		ADDED from src\main\AndroidManifest.xml:71:9-43
	android:fullBackupContent
		ADDED from src\main\AndroidManifest.xml:69:9-56
	android:allowBackup
		ADDED from src\main\AndroidManifest.xml:66:9-35
	android:theme
		ADDED from src\main\AndroidManifest.xml:76:9-40
	tools:replace
		ADDED from src\main\AndroidManifest.xml:77:9-37
activity#com.bytezap.wobble.InitializerActivity
ADDED from src\main\AndroidManifest.xml:80:9-92:20
	android:excludeFromRecents
		ADDED from src\main\AndroidManifest.xml:83:13-46
	android:windowSoftInputMode
		ADDED from src\main\AndroidManifest.xml:85:13-56
	android:configChanges
		ADDED from src\main\AndroidManifest.xml:82:13-94
	android:theme
		ADDED from src\main\AndroidManifest.xml:84:13-48
	android:name
		ADDED from src\main\AndroidManifest.xml:81:13-48
intent-filter#action:name:android.intent.action.MAIN+category:name:android.intent.category.DEFAULT+category:name:android.intent.category.LAUNCHER
ADDED from src\main\AndroidManifest.xml:86:13-91:29
action#android.intent.action.MAIN
ADDED from src\main\AndroidManifest.xml:87:17-69
	android:name
		ADDED from src\main\AndroidManifest.xml:87:25-66
category#android.intent.category.LAUNCHER
ADDED from src\main\AndroidManifest.xml:89:17-77
	android:name
		ADDED from src\main\AndroidManifest.xml:89:27-74
category#android.intent.category.DEFAULT
ADDED from src\main\AndroidManifest.xml:90:17-76
	android:name
		ADDED from src\main\AndroidManifest.xml:90:27-73
activity#com.bytezap.wobble.Clock
ADDED from src\main\AndroidManifest.xml:94:9-104:20
	android:label
		ADDED from src\main\AndroidManifest.xml:97:13-45
	android:excludeFromRecents
		ADDED from src\main\AndroidManifest.xml:96:13-46
	android:launchMode
		ADDED from src\main\AndroidManifest.xml:98:13-44
	android:windowSoftInputMode
		ADDED from src\main\AndroidManifest.xml:100:13-56
	android:theme
		ADDED from src\main\AndroidManifest.xml:99:13-52
	android:name
		ADDED from src\main\AndroidManifest.xml:95:13-34
intent-filter#action:name:android.intent.action.MAIN
ADDED from src\main\AndroidManifest.xml:101:13-103:29
activity#com.bytezap.wobble.alarm.AlarmScreen
ADDED from src\main\AndroidManifest.xml:106:9-113:63
	android:screenOrientation
		ADDED from src\main\AndroidManifest.xml:111:13-49
	android:excludeFromRecents
		ADDED from src\main\AndroidManifest.xml:109:13-46
	android:launchMode
		ADDED from src\main\AndroidManifest.xml:110:13-48
	android:windowSoftInputMode
		ADDED from src\main\AndroidManifest.xml:113:13-60
	android:configChanges
		ADDED from src\main\AndroidManifest.xml:108:13-82
	android:taskAffinity
		ADDED from src\main\AndroidManifest.xml:112:13-36
	android:name
		ADDED from src\main\AndroidManifest.xml:107:13-46
activity#com.bytezap.wobble.alarm.AlarmDetails
ADDED from src\main\AndroidManifest.xml:115:9-117:59
	android:windowSoftInputMode
		ADDED from src\main\AndroidManifest.xml:117:13-56
	android:name
		ADDED from src\main\AndroidManifest.xml:116:13-47
activity#com.bytezap.wobble.alarm.camera.BarcodeScanner
ADDED from src\main\AndroidManifest.xml:119:9-122:63
	android:windowSoftInputMode
		ADDED from src\main\AndroidManifest.xml:122:13-60
	android:theme
		ADDED from src\main\AndroidManifest.xml:121:13-52
	android:name
		ADDED from src\main\AndroidManifest.xml:120:13-56
activity#com.bytezap.wobble.alarm.media.RingtonePickerActivity
ADDED from src\main\AndroidManifest.xml:124:9-126:59
	android:windowSoftInputMode
		ADDED from src\main\AndroidManifest.xml:126:13-56
	android:name
		ADDED from src\main\AndroidManifest.xml:125:13-63
activity#com.bytezap.wobble.alarm.media.MediaPickerActivity
ADDED from src\main\AndroidManifest.xml:128:9-130:59
	android:windowSoftInputMode
		ADDED from src\main\AndroidManifest.xml:130:13-56
	android:name
		ADDED from src\main\AndroidManifest.xml:129:13-60
activity#com.bytezap.wobble.alarm.media.MediaMultiSelectActivity
ADDED from src\main\AndroidManifest.xml:132:9-134:59
	android:windowSoftInputMode
		ADDED from src\main\AndroidManifest.xml:134:13-56
	android:name
		ADDED from src\main\AndroidManifest.xml:133:13-65
activity#com.bytezap.wobble.alarm.camera.CameraActivity
ADDED from src\main\AndroidManifest.xml:136:9-139:63
	android:windowSoftInputMode
		ADDED from src\main\AndroidManifest.xml:139:13-60
	android:theme
		ADDED from src\main\AndroidManifest.xml:138:13-53
	android:name
		ADDED from src\main\AndroidManifest.xml:137:13-56
activity#com.bytezap.wobble.alarm.ApplicationList
ADDED from src\main\AndroidManifest.xml:141:9-144:59
	android:windowSoftInputMode
		ADDED from src\main\AndroidManifest.xml:144:13-56
	android:configChanges
		ADDED from src\main\AndroidManifest.xml:143:13-59
	android:name
		ADDED from src\main\AndroidManifest.xml:142:13-50
activity#com.bytezap.wobble.interaction.MiscellanyActivity
ADDED from src\main\AndroidManifest.xml:146:9-149:59
	android:windowSoftInputMode
		ADDED from src\main\AndroidManifest.xml:149:13-56
	android:theme
		ADDED from src\main\AndroidManifest.xml:148:13-57
	android:name
		ADDED from src\main\AndroidManifest.xml:147:13-59
activity#com.bytezap.wobble.alarm.WakeUpCheck
ADDED from src\main\AndroidManifest.xml:151:9-158:63
	android:screenOrientation
		ADDED from src\main\AndroidManifest.xml:156:13-49
	android:excludeFromRecents
		ADDED from src\main\AndroidManifest.xml:154:13-46
	android:launchMode
		ADDED from src\main\AndroidManifest.xml:155:13-48
	android:windowSoftInputMode
		ADDED from src\main\AndroidManifest.xml:158:13-60
	android:configChanges
		ADDED from src\main\AndroidManifest.xml:153:13-65
	android:taskAffinity
		ADDED from src\main\AndroidManifest.xml:157:13-36
	android:name
		ADDED from src\main\AndroidManifest.xml:152:13-46
activity#com.bytezap.wobble.timer.TimerAlert
ADDED from src\main\AndroidManifest.xml:160:9-164:39
	android:excludeFromRecents
		ADDED from src\main\AndroidManifest.xml:162:13-46
	android:launchMode
		ADDED from src\main\AndroidManifest.xml:163:13-48
	android:taskAffinity
		ADDED from src\main\AndroidManifest.xml:164:13-36
	android:name
		ADDED from src\main\AndroidManifest.xml:161:13-45
activity#com.bytezap.wobble.alarm.media.Recorder
ADDED from src\main\AndroidManifest.xml:166:9-169:60
	android:configChanges
		ADDED from src\main\AndroidManifest.xml:168:13-59
	android:theme
		ADDED from src\main\AndroidManifest.xml:169:13-57
	android:name
		ADDED from src\main\AndroidManifest.xml:167:13-49
service#com.bytezap.wobble.alarm.AlarmService
ADDED from src\main\AndroidManifest.xml:171:9-173:40
	android:exported
		ADDED from src\main\AndroidManifest.xml:173:13-37
	android:name
		ADDED from src\main\AndroidManifest.xml:172:13-47
service#com.bytezap.wobble.timer.TimerService
ADDED from src\main\AndroidManifest.xml:175:9-177:40
	android:exported
		ADDED from src\main\AndroidManifest.xml:177:13-37
	android:name
		ADDED from src\main\AndroidManifest.xml:176:13-47
service#com.bytezap.wobble.stopwatch.StopwatchService
ADDED from src\main\AndroidManifest.xml:179:9-181:40
	android:exported
		ADDED from src\main\AndroidManifest.xml:181:13-37
	android:name
		ADDED from src\main\AndroidManifest.xml:180:13-55
activity#com.bytezap.wobble.interaction.InteractionHandler
ADDED from src\main\AndroidManifest.xml:183:9-219:20
	android:excludeFromRecents
		ADDED from src\main\AndroidManifest.xml:185:13-46
	android:permission
		ADDED from src\main\AndroidManifest.xml:186:13-72
	android:theme
		ADDED from src\main\AndroidManifest.xml:188:13-59
	android:taskAffinity
		ADDED from src\main\AndroidManifest.xml:187:13-36
	android:name
		ADDED from src\main\AndroidManifest.xml:184:13-59
intent-filter#action:name:android.intent.action.SET_ALARM+category:name:android.intent.category.DEFAULT+category:name:android.intent.category.VOICE
ADDED from src\main\AndroidManifest.xml:190:13-194:29
action#android.intent.action.SET_ALARM
ADDED from src\main\AndroidManifest.xml:191:17-74
	android:name
		ADDED from src\main\AndroidManifest.xml:191:25-71
category#android.intent.category.VOICE
ADDED from src\main\AndroidManifest.xml:193:17-74
	android:name
		ADDED from src\main\AndroidManifest.xml:193:27-71
intent-filter#action:name:android.intent.action.DISMISS_ALARM+category:name:android.intent.category.DEFAULT+category:name:android.intent.category.VOICE
ADDED from src\main\AndroidManifest.xml:196:13-200:29
action#android.intent.action.DISMISS_ALARM
ADDED from src\main\AndroidManifest.xml:197:17-78
	android:name
		ADDED from src\main\AndroidManifest.xml:197:25-75
intent-filter#action:name:android.intent.action.SNOOZE_ALARM+category:name:android.intent.category.DEFAULT+category:name:android.intent.category.VOICE
ADDED from src\main\AndroidManifest.xml:202:13-206:29
action#android.intent.action.SNOOZE_ALARM
ADDED from src\main\AndroidManifest.xml:203:17-77
	android:name
		ADDED from src\main\AndroidManifest.xml:203:25-74
intent-filter#action:name:android.intent.action.SHOW_ALARMS+category:name:android.intent.category.DEFAULT+category:name:android.intent.category.VOICE
ADDED from src\main\AndroidManifest.xml:208:13-212:29
action#android.intent.action.SHOW_ALARMS
ADDED from src\main\AndroidManifest.xml:209:17-76
	android:name
		ADDED from src\main\AndroidManifest.xml:209:25-73
intent-filter#action:name:android.intent.action.SET_TIMER+category:name:android.intent.category.DEFAULT+category:name:android.intent.category.VOICE
ADDED from src\main\AndroidManifest.xml:214:13-218:29
action#android.intent.action.SET_TIMER
ADDED from src\main\AndroidManifest.xml:215:17-74
	android:name
		ADDED from src\main\AndroidManifest.xml:215:25-71
receiver#com.bytezap.wobble.alarm.AlarmInstigator
ADDED from src\main\AndroidManifest.xml:221:9-232:20
	android:name
		ADDED from src\main\AndroidManifest.xml:221:19-56
intent-filter#action:name:android.intent.action.BOOT_COMPLETED+action:name:android.intent.action.LOCALE_CHANGED+action:name:android.intent.action.LOCKED_BOOT_COMPLETED+action:name:android.intent.action.MY_PACKAGE_REPLACED+action:name:android.intent.action.QUICKBOOT_POWERON+action:name:android.intent.action.TIMEZONE_CHANGED+action:name:android.intent.action.TIME_SET+action:name:com.htc.intent.action.QUICKBOOT_POWERON
ADDED from src\main\AndroidManifest.xml:222:13-231:29
	android:priority
		ADDED from src\main\AndroidManifest.xml:222:28-51
action#android.intent.action.LOCKED_BOOT_COMPLETED
ADDED from src\main\AndroidManifest.xml:223:17-85
	android:name
		ADDED from src\main\AndroidManifest.xml:223:25-83
action#android.intent.action.BOOT_COMPLETED
ADDED from src\main\AndroidManifest.xml:224:17-79
	android:name
		ADDED from src\main\AndroidManifest.xml:224:25-76
action#android.intent.action.QUICKBOOT_POWERON
ADDED from src\main\AndroidManifest.xml:225:17-82
	android:name
		ADDED from src\main\AndroidManifest.xml:225:25-79
action#com.htc.intent.action.QUICKBOOT_POWERON
ADDED from src\main\AndroidManifest.xml:226:17-82
	android:name
		ADDED from src\main\AndroidManifest.xml:226:25-79
action#android.intent.action.TIME_SET
ADDED from src\main\AndroidManifest.xml:227:17-73
	android:name
		ADDED from src\main\AndroidManifest.xml:227:25-70
action#android.intent.action.TIMEZONE_CHANGED
ADDED from src\main\AndroidManifest.xml:228:17-81
	android:name
		ADDED from src\main\AndroidManifest.xml:228:25-78
action#android.intent.action.LOCALE_CHANGED
ADDED from src\main\AndroidManifest.xml:229:17-79
	android:name
		ADDED from src\main\AndroidManifest.xml:229:25-76
action#android.intent.action.MY_PACKAGE_REPLACED
ADDED from src\main\AndroidManifest.xml:230:17-84
	android:name
		ADDED from src\main\AndroidManifest.xml:230:25-81
receiver#com.bytezap.wobble.alarm.AlarmReceiver
ADDED from src\main\AndroidManifest.xml:234:9-243:20
	android:exported
		ADDED from src\main\AndroidManifest.xml:236:13-37
	android:name
		ADDED from src\main\AndroidManifest.xml:235:13-48
intent-filter#action:name:com.bytezap.alarmclock.action.dismiss_now+action:name:com.bytezap.alarmclock.action.pre_dismiss+action:name:com.bytezap.alarmclock.action.skip+action:name:com.bytezap.alarmclock.action.upcoming_notif
ADDED from src\main\AndroidManifest.xml:237:13-242:29
action#com.bytezap.alarmclock.action.skip
ADDED from src\main\AndroidManifest.xml:238:17-77
	android:name
		ADDED from src\main\AndroidManifest.xml:238:25-74
action#com.bytezap.alarmclock.action.pre_dismiss
ADDED from src\main\AndroidManifest.xml:239:17-84
	android:name
		ADDED from src\main\AndroidManifest.xml:239:25-81
action#com.bytezap.alarmclock.action.upcoming_notif
ADDED from src\main\AndroidManifest.xml:240:17-87
	android:name
		ADDED from src\main\AndroidManifest.xml:240:25-84
action#com.bytezap.alarmclock.action.dismiss_now
ADDED from src\main\AndroidManifest.xml:241:17-84
	android:name
		ADDED from src\main\AndroidManifest.xml:241:25-81
service#com.bytezap.wobble.clock.ClockDreamService
ADDED from src\main\AndroidManifest.xml:245:9-257:19
	android:label
		ADDED from src\main\AndroidManifest.xml:248:13-45
	android:exported
		ADDED from src\main\AndroidManifest.xml:247:13-36
	android:permission
		ADDED from src\main\AndroidManifest.xml:249:13-71
	android:name
		ADDED from src\main\AndroidManifest.xml:246:13-52
intent-filter#action:name:android.service.dreams.DreamService+category:name:android.intent.category.DEFAULT
ADDED from src\main\AndroidManifest.xml:250:13-253:29
action#android.service.dreams.DreamService
ADDED from src\main\AndroidManifest.xml:251:17-78
	android:name
		ADDED from src\main\AndroidManifest.xml:251:25-75
meta-data#android.service.dream